<?xml version="1.0" encoding="UTF-8"?>
<!-- Generated by org.testng.reporters.JUnitXMLReporter -->
<testsuite hostname="DESKTOP-0UFG3UU" ignored="14" name="Test_All" tests="12" failures="1" timestamp="20 Jul 2020 09:39:21 GMT" time="255.106" errors="0">
  <testcase name="loginTest" time="5.606" classname="com.mystore.testcases.parallel.LoginPageTest"/>
  <testcase name="loginTestFromExcelData" time="5.28" classname="com.mystore.testcases.parallel.LoginPageTest"/>
  <testcase name="loginTestFromExcelData" time="4.723" classname="com.mystore.testcases.parallel.LoginPageTest">
    <failure type="java.lang.AssertionError" message="expected [http://automationpractice.com/index.php?controller=my-account] but found [http://automationpractice.com/index.php?controller=authentication]">
      <![CDATA[java.lang.AssertionError: expected [http://automationpractice.com/index.php?controller=my-account] but found [http://automationpractice.com/index.php?controller=authentication]
	at com.mystore.testcases.parallel.LoginPageTest.loginTestFromExcelData(LoginPageTest.java:64)
... Removed 31 stack frames]]>
    </failure>
  </testcase> <!-- loginTestFromExcelData -->
  <testcase name="orderHistoryTest" time="5.039" classname="com.mystore.testcases.parallel.HomePageTest"/>
  <testcase name="wishListTest" time="4.796" classname="com.mystore.testcases.parallel.HomePageTest"/>
  <testcase name="VerifyCreatAccountPageTest" time="6.118" classname="com.mystore.testcases.parallel.AccountCreationPageTest"/>
  <testcase name="productAvailabiltyTest" time="2.136" classname="com.mystore.testcases.parallel.SearchResultPageTest"/>
  <testcase name="verifyLogo" time="0.122" classname="com.mystore.testcases.parallel.IndexPageTest"/>
  <testcase name="verifyTitle" time="0.004" classname="com.mystore.testcases.parallel.IndexPageTest"/>
  <testcase name="endToEnd" time="25.792" classname="com.mystore.testcases.parallel.EndToEndTest"/>
  <testcase name="verifyTotalPrice" time="9.951" classname="com.mystore.testcases.parallel.OrderPageTest"/>
  <testcase name="addToCartTest" time="8.046" classname="com.mystore.testcases.parallel.AddToCartPageTest"/>
  <testcase name="@BeforeSuite loadConfig" time="0.0" classname="com.mystore.base.parallel.BaseClassForParallelTesting">
    <ignored/>
  </testcase> <!-- @BeforeSuite loadConfig -->
  <testcase name="@BeforeSuite loadConfig" time="0.0" classname="com.mystore.base.parallel.BaseClassForParallelTesting">
    <ignored/>
  </testcase> <!-- @BeforeSuite loadConfig -->
  <testcase name="@BeforeSuite loadConfig" time="0.0" classname="com.mystore.base.parallel.BaseClassForParallelTesting">
    <ignored/>
  </testcase> <!-- @BeforeSuite loadConfig -->
  <testcase name="@BeforeSuite loadConfig" time="0.0" classname="com.mystore.base.parallel.BaseClassForParallelTesting">
    <ignored/>
  </testcase> <!-- @BeforeSuite loadConfig -->
  <testcase name="@BeforeSuite loadConfig" time="0.0" classname="com.mystore.base.parallel.BaseClassForParallelTesting">
    <ignored/>
  </testcase> <!-- @BeforeSuite loadConfig -->
  <testcase name="@BeforeSuite loadConfig" time="0.0" classname="com.mystore.base.parallel.BaseClassForParallelTesting">
    <ignored/>
  </testcase> <!-- @BeforeSuite loadConfig -->
  <testcase name="@BeforeSuite loadConfig" time="0.0" classname="com.mystore.base.parallel.BaseClassForParallelTesting">
    <ignored/>
  </testcase> <!-- @BeforeSuite loadConfig -->
  <testcase name="@AfterSuite afterSuite" time="0.0" classname="com.mystore.base.parallel.BaseClassForParallelTesting">
    <ignored/>
  </testcase> <!-- @AfterSuite afterSuite -->
  <testcase name="@AfterSuite afterSuite" time="0.0" classname="com.mystore.base.parallel.BaseClassForParallelTesting">
    <ignored/>
  </testcase> <!-- @AfterSuite afterSuite -->
  <testcase name="@AfterSuite afterSuite" time="0.0" classname="com.mystore.base.parallel.BaseClassForParallelTesting">
    <ignored/>
  </testcase> <!-- @AfterSuite afterSuite -->
  <testcase name="@AfterSuite afterSuite" time="0.0" classname="com.mystore.base.parallel.BaseClassForParallelTesting">
    <ignored/>
  </testcase> <!-- @AfterSuite afterSuite -->
  <testcase name="@AfterSuite afterSuite" time="0.0" classname="com.mystore.base.parallel.BaseClassForParallelTesting">
    <ignored/>
  </testcase> <!-- @AfterSuite afterSuite -->
  <testcase name="@AfterSuite afterSuite" time="0.0" classname="com.mystore.base.parallel.BaseClassForParallelTesting">
    <ignored/>
  </testcase> <!-- @AfterSuite afterSuite -->
  <testcase name="@AfterSuite afterSuite" time="0.0" classname="com.mystore.base.parallel.BaseClassForParallelTesting">
    <ignored/>
  </testcase> <!-- @AfterSuite afterSuite -->
</testsuite> <!-- Test_All -->
