<?xml version="1.0" encoding="UTF-8"?>
<!-- Generated by org.testng.reporters.JUnitXMLReporter -->
<testsuite hostname="DESKTOP-0UFG3UU" ignored="19" name="Test_Smoke" tests="7" failures="1" timestamp="17 Jul 2020 13:50:01 GMT" time="138.458" errors="0">
  <testcase name="loginTestFromExcelData" time="5.131" classname="com.mystore.testcases.parallel.LoginPageTest"/>
  <testcase name="loginTestFromExcelData" time="3.907" classname="com.mystore.testcases.parallel.LoginPageTest">
    <failure type="java.lang.AssertionError" message="expected [http://automationpractice.com/index.php?controller=my-account] but found [http://automationpractice.com/index.php?controller=authentication]">
      <![CDATA[java.lang.AssertionError: expected [http://automationpractice.com/index.php?controller=my-account] but found [http://automationpractice.com/index.php?controller=authentication]
	at com.mystore.testcases.parallel.LoginPageTest.loginTestFromExcelData(LoginPageTest.java:64)
... Removed 31 stack frames]]>
    </failure>
  </testcase> <!-- loginTestFromExcelData -->
  <testcase name="productAvailabiltyTest" time="2.555" classname="com.mystore.testcases.parallel.SearchResultPageTest"/>
  <testcase name="orderHistoryTest" time="5.512" classname="com.mystore.testcases.parallel.HomePageTest"/>
  <testcase name="wishListTest" time="4.421" classname="com.mystore.testcases.parallel.HomePageTest"/>
  <testcase name="verifyLogo" time="0.061" classname="com.mystore.testcases.parallel.IndexPageTest"/>
  <testcase name="verifyTitle" time="0.009" classname="com.mystore.testcases.parallel.IndexPageTest"/>
  <testcase name="addToCartTest" time="0.0" classname="com.mystore.testcases.parallel.AddToCartPageTest">
    <ignored/>
  </testcase> <!-- addToCartTest -->
  <testcase name="@BeforeSuite beforeSuite" time="0.0" classname="com.mystore.base.parallel.BaseClassForParallelTesting">
    <ignored/>
  </testcase> <!-- @BeforeSuite beforeSuite -->
  <testcase name="@BeforeSuite beforeSuite" time="0.0" classname="com.mystore.base.parallel.BaseClassForParallelTesting">
    <ignored/>
  </testcase> <!-- @BeforeSuite beforeSuite -->
  <testcase name="@BeforeSuite beforeSuite" time="0.0" classname="com.mystore.base.parallel.BaseClassForParallelTesting">
    <ignored/>
  </testcase> <!-- @BeforeSuite beforeSuite -->
  <testcase name="@BeforeSuite beforeSuite" time="0.0" classname="com.mystore.base.parallel.BaseClassForParallelTesting">
    <ignored/>
  </testcase> <!-- @BeforeSuite beforeSuite -->
  <testcase name="@BeforeSuite beforeSuite" time="0.0" classname="com.mystore.base.parallel.BaseClassForParallelTesting">
    <ignored/>
  </testcase> <!-- @BeforeSuite beforeSuite -->
  <testcase name="@BeforeSuite beforeSuite" time="0.0" classname="com.mystore.base.parallel.BaseClassForParallelTesting">
    <ignored/>
  </testcase> <!-- @BeforeSuite beforeSuite -->
  <testcase name="@BeforeSuite beforeSuite" time="0.0" classname="com.mystore.base.parallel.BaseClassForParallelTesting">
    <ignored/>
  </testcase> <!-- @BeforeSuite beforeSuite -->
  <testcase name="verifyTotalPrice" time="0.0" classname="com.mystore.testcases.parallel.OrderPageTest">
    <ignored/>
  </testcase> <!-- verifyTotalPrice -->
  <testcase name="endToEnd" time="0.0" classname="com.mystore.testcases.parallel.EndToEndTest">
    <ignored/>
  </testcase> <!-- endToEnd -->
  <testcase name="@BeforeTest loadConfig" time="0.0" classname="com.mystore.base.parallel.BaseClassForParallelTesting">
    <ignored/>
  </testcase> <!-- @BeforeTest loadConfig -->
  <testcase name="@BeforeTest loadConfig" time="0.0" classname="com.mystore.base.parallel.BaseClassForParallelTesting">
    <ignored/>
  </testcase> <!-- @BeforeTest loadConfig -->
  <testcase name="@BeforeTest loadConfig" time="0.0" classname="com.mystore.base.parallel.BaseClassForParallelTesting">
    <ignored/>
  </testcase> <!-- @BeforeTest loadConfig -->
  <testcase name="@BeforeTest loadConfig" time="0.0" classname="com.mystore.base.parallel.BaseClassForParallelTesting">
    <ignored/>
  </testcase> <!-- @BeforeTest loadConfig -->
  <testcase name="@BeforeTest loadConfig" time="0.0" classname="com.mystore.base.parallel.BaseClassForParallelTesting">
    <ignored/>
  </testcase> <!-- @BeforeTest loadConfig -->
  <testcase name="@BeforeTest loadConfig" time="0.0" classname="com.mystore.base.parallel.BaseClassForParallelTesting">
    <ignored/>
  </testcase> <!-- @BeforeTest loadConfig -->
  <testcase name="@BeforeTest loadConfig" time="0.0" classname="com.mystore.base.parallel.BaseClassForParallelTesting">
    <ignored/>
  </testcase> <!-- @BeforeTest loadConfig -->
  <testcase name="VerifyCreatAccountPageTest" time="0.0" classname="com.mystore.testcases.parallel.AccountCreationPageTest">
    <ignored/>
  </testcase> <!-- VerifyCreatAccountPageTest -->
  <testcase name="loginTest" time="0.0" classname="com.mystore.testcases.parallel.LoginPageTest">
    <ignored/>
  </testcase> <!-- loginTest -->
</testsuite> <!-- Test_Smoke -->
