<?xml version="1.0" encoding="UTF-8"?>
<!-- Generated by org.testng.reporters.JUnitXMLReporter -->
<testsuite hostname="DESKTOP-0UFG3UU" ignored="22" name="Test_Sanity" tests="4" failures="1" timestamp="17 Jul 2020 13:53:56 GMT" time="85.266" errors="0">
  <testcase name="loginTestFromExcelData" time="7.683" classname="com.mystore.testcases.parallel.LoginPageTest"/>
  <testcase name="loginTestFromExcelData" time="4.088" classname="com.mystore.testcases.parallel.LoginPageTest">
    <failure type="java.lang.AssertionError" message="expected [http://automationpractice.com/index.php?controller=my-account] but found [http://automationpractice.com/index.php?controller=authentication]">
      <![CDATA[java.lang.AssertionError: expected [http://automationpractice.com/index.php?controller=my-account] but found [http://automationpractice.com/index.php?controller=authentication]
	at com.mystore.testcases.parallel.LoginPageTest.loginTestFromExcelData(LoginPageTest.java:64)
... Removed 31 stack frames]]>
    </failure>
  </testcase> <!-- loginTestFromExcelData -->
  <testcase name="VerifyCreatAccountPageTest" time="4.214" classname="com.mystore.testcases.parallel.AccountCreationPageTest"/>
  <testcase name="addToCartTest" time="7.264" classname="com.mystore.testcases.parallel.AddToCartPageTest"/>
  <testcase name="@BeforeSuite beforeSuite" time="0.0" classname="com.mystore.base.parallel.BaseClassForParallelTesting">
    <ignored/>
  </testcase> <!-- @BeforeSuite beforeSuite -->
  <testcase name="@BeforeSuite beforeSuite" time="0.0" classname="com.mystore.base.parallel.BaseClassForParallelTesting">
    <ignored/>
  </testcase> <!-- @BeforeSuite beforeSuite -->
  <testcase name="@BeforeSuite beforeSuite" time="0.0" classname="com.mystore.base.parallel.BaseClassForParallelTesting">
    <ignored/>
  </testcase> <!-- @BeforeSuite beforeSuite -->
  <testcase name="@BeforeSuite beforeSuite" time="0.0" classname="com.mystore.base.parallel.BaseClassForParallelTesting">
    <ignored/>
  </testcase> <!-- @BeforeSuite beforeSuite -->
  <testcase name="@BeforeSuite beforeSuite" time="0.0" classname="com.mystore.base.parallel.BaseClassForParallelTesting">
    <ignored/>
  </testcase> <!-- @BeforeSuite beforeSuite -->
  <testcase name="@BeforeSuite beforeSuite" time="0.0" classname="com.mystore.base.parallel.BaseClassForParallelTesting">
    <ignored/>
  </testcase> <!-- @BeforeSuite beforeSuite -->
  <testcase name="@BeforeSuite beforeSuite" time="0.0" classname="com.mystore.base.parallel.BaseClassForParallelTesting">
    <ignored/>
  </testcase> <!-- @BeforeSuite beforeSuite -->
  <testcase name="verifyLogo" time="0.0" classname="com.mystore.testcases.parallel.IndexPageTest">
    <ignored/>
  </testcase> <!-- verifyLogo -->
  <testcase name="verifyTotalPrice" time="0.0" classname="com.mystore.testcases.parallel.OrderPageTest">
    <ignored/>
  </testcase> <!-- verifyTotalPrice -->
  <testcase name="endToEnd" time="0.0" classname="com.mystore.testcases.parallel.EndToEndTest">
    <ignored/>
  </testcase> <!-- endToEnd -->
  <testcase name="@BeforeTest loadConfig" time="0.0" classname="com.mystore.base.parallel.BaseClassForParallelTesting">
    <ignored/>
  </testcase> <!-- @BeforeTest loadConfig -->
  <testcase name="@BeforeTest loadConfig" time="0.0" classname="com.mystore.base.parallel.BaseClassForParallelTesting">
    <ignored/>
  </testcase> <!-- @BeforeTest loadConfig -->
  <testcase name="@BeforeTest loadConfig" time="0.0" classname="com.mystore.base.parallel.BaseClassForParallelTesting">
    <ignored/>
  </testcase> <!-- @BeforeTest loadConfig -->
  <testcase name="@BeforeTest loadConfig" time="0.0" classname="com.mystore.base.parallel.BaseClassForParallelTesting">
    <ignored/>
  </testcase> <!-- @BeforeTest loadConfig -->
  <testcase name="@BeforeTest loadConfig" time="0.0" classname="com.mystore.base.parallel.BaseClassForParallelTesting">
    <ignored/>
  </testcase> <!-- @BeforeTest loadConfig -->
  <testcase name="@BeforeTest loadConfig" time="0.0" classname="com.mystore.base.parallel.BaseClassForParallelTesting">
    <ignored/>
  </testcase> <!-- @BeforeTest loadConfig -->
  <testcase name="@BeforeTest loadConfig" time="0.0" classname="com.mystore.base.parallel.BaseClassForParallelTesting">
    <ignored/>
  </testcase> <!-- @BeforeTest loadConfig -->
  <testcase name="wishListTest" time="0.0" classname="com.mystore.testcases.parallel.HomePageTest">
    <ignored/>
  </testcase> <!-- wishListTest -->
  <testcase name="orderHistoryTest" time="0.0" classname="com.mystore.testcases.parallel.HomePageTest">
    <ignored/>
  </testcase> <!-- orderHistoryTest -->
  <testcase name="productAvailabiltyTest" time="0.0" classname="com.mystore.testcases.parallel.SearchResultPageTest">
    <ignored/>
  </testcase> <!-- productAvailabiltyTest -->
  <testcase name="verifyTitle" time="0.0" classname="com.mystore.testcases.parallel.IndexPageTest">
    <ignored/>
  </testcase> <!-- verifyTitle -->
  <testcase name="loginTest" time="0.0" classname="com.mystore.testcases.parallel.LoginPageTest">
    <ignored/>
  </testcase> <!-- loginTest -->
</testsuite> <!-- Test_Sanity -->
