<?xml version="1.0" encoding="UTF-8"?>
<!-- Generated by org.testng.reporters.JUnitXMLReporter -->
<testsuite hostname="DESKTOP-0UFG3UU" ignored="19" name="Test" tests="7" failures="0" timestamp="17 Jul 2020 13:33:48 GMT" time="0.5" errors="0">
  <testcase name="@BeforeMethod setUp" time="0.0" classname="com.mystore.testcases.parallel.LoginPageTest">
    <failure type="org.testng.TestNGException" message="
Can inject only one of &amp;lt;ITestContext, XmlTest, Method, Object[]&amp;gt; into a BeforeMethod annotated setUp.
For more information on native dependency injection please refer to http://testng.org/doc/documentation-main.html#native-dependency-injection">
      <![CDATA[org.testng.TestNGException: 
Can inject only one of <ITestContext, XmlTest, Method, Object[]> into a BeforeMethod annotated setUp.
For more information on native dependency injection please refer to http://testng.org/doc/documentation-main.html#native-dependency-injection
... Removed 25 stack frames]]>
    </failure>
  </testcase> <!-- @BeforeMethod setUp -->
  <testcase name="@BeforeMethod setUp" time="0.0" classname="com.mystore.testcases.parallel.LoginPageTest">
    <skipped/>
  </testcase> <!-- @BeforeMethod setUp -->
  <testcase name="@BeforeMethod setUp" time="0.0" classname="com.mystore.testcases.parallel.SearchResultPageTest">
    <failure type="org.testng.TestNGException" message="
Can inject only one of &amp;lt;ITestContext, XmlTest, Method, Object[]&amp;gt; into a BeforeMethod annotated setUp.
For more information on native dependency injection please refer to http://testng.org/doc/documentation-main.html#native-dependency-injection">
      <![CDATA[org.testng.TestNGException: 
Can inject only one of <ITestContext, XmlTest, Method, Object[]> into a BeforeMethod annotated setUp.
For more information on native dependency injection please refer to http://testng.org/doc/documentation-main.html#native-dependency-injection
... Removed 25 stack frames]]>
    </failure>
  </testcase> <!-- @BeforeMethod setUp -->
  <testcase name="@BeforeMethod setUp" time="0.0" classname="com.mystore.testcases.parallel.HomePageTest">
    <failure type="org.testng.TestNGException" message="
Can inject only one of &amp;lt;ITestContext, XmlTest, Method, Object[]&amp;gt; into a BeforeMethod annotated setUp.
For more information on native dependency injection please refer to http://testng.org/doc/documentation-main.html#native-dependency-injection">
      <![CDATA[org.testng.TestNGException: 
Can inject only one of <ITestContext, XmlTest, Method, Object[]> into a BeforeMethod annotated setUp.
For more information on native dependency injection please refer to http://testng.org/doc/documentation-main.html#native-dependency-injection
... Removed 25 stack frames]]>
    </failure>
  </testcase> <!-- @BeforeMethod setUp -->
  <testcase name="@BeforeMethod setUp" time="0.0" classname="com.mystore.testcases.parallel.HomePageTest">
    <skipped/>
  </testcase> <!-- @BeforeMethod setUp -->
  <testcase name="@BeforeMethod setUp" time="0.0" classname="com.mystore.testcases.parallel.IndexPageTest">
    <failure type="org.testng.TestNGException" message="
Can inject only one of &amp;lt;ITestContext, XmlTest, Method, Object[]&amp;gt; into a BeforeMethod annotated setUp.
For more information on native dependency injection please refer to http://testng.org/doc/documentation-main.html#native-dependency-injection">
      <![CDATA[org.testng.TestNGException: 
Can inject only one of <ITestContext, XmlTest, Method, Object[]> into a BeforeMethod annotated setUp.
For more information on native dependency injection please refer to http://testng.org/doc/documentation-main.html#native-dependency-injection
... Removed 25 stack frames]]>
    </failure>
  </testcase> <!-- @BeforeMethod setUp -->
  <testcase name="@BeforeMethod setUp" time="0.0" classname="com.mystore.testcases.parallel.IndexPageTest">
    <skipped/>
  </testcase> <!-- @BeforeMethod setUp -->
  <testcase name="loginTestFromExcelData" time="0.0" classname="com.mystore.testcases.parallel.LoginPageTest">
    <skipped/>
  </testcase> <!-- loginTestFromExcelData -->
  <testcase name="loginTestFromExcelData" time="0.0" classname="com.mystore.testcases.parallel.LoginPageTest">
    <skipped/>
  </testcase> <!-- loginTestFromExcelData -->
  <testcase name="productAvailabiltyTest" time="0.0" classname="com.mystore.testcases.parallel.SearchResultPageTest">
    <skipped/>
  </testcase> <!-- productAvailabiltyTest -->
  <testcase name="orderHistoryTest" time="0.0" classname="com.mystore.testcases.parallel.HomePageTest">
    <skipped/>
  </testcase> <!-- orderHistoryTest -->
  <testcase name="wishListTest" time="0.0" classname="com.mystore.testcases.parallel.HomePageTest">
    <skipped/>
  </testcase> <!-- wishListTest -->
  <testcase name="verifyLogo" time="0.001" classname="com.mystore.testcases.parallel.IndexPageTest">
    <skipped/>
  </testcase> <!-- verifyLogo -->
  <testcase name="verifyTitle" time="0.0" classname="com.mystore.testcases.parallel.IndexPageTest">
    <skipped/>
  </testcase> <!-- verifyTitle -->
  <testcase name="addToCartTest" time="0.0" classname="com.mystore.testcases.parallel.AddToCartPageTest">
    <ignored/>
  </testcase> <!-- addToCartTest -->
  <testcase name="@BeforeSuite beforeSuite" time="0.0" classname="com.mystore.base.parallel.BaseClassForParallelTesting">
    <ignored/>
  </testcase> <!-- @BeforeSuite beforeSuite -->
  <testcase name="@BeforeSuite beforeSuite" time="0.0" classname="com.mystore.base.parallel.BaseClassForParallelTesting">
    <ignored/>
  </testcase> <!-- @BeforeSuite beforeSuite -->
  <testcase name="@BeforeSuite beforeSuite" time="0.0" classname="com.mystore.base.parallel.BaseClassForParallelTesting">
    <ignored/>
  </testcase> <!-- @BeforeSuite beforeSuite -->
  <testcase name="@BeforeSuite beforeSuite" time="0.0" classname="com.mystore.base.parallel.BaseClassForParallelTesting">
    <ignored/>
  </testcase> <!-- @BeforeSuite beforeSuite -->
  <testcase name="@BeforeSuite beforeSuite" time="0.0" classname="com.mystore.base.parallel.BaseClassForParallelTesting">
    <ignored/>
  </testcase> <!-- @BeforeSuite beforeSuite -->
  <testcase name="@BeforeSuite beforeSuite" time="0.0" classname="com.mystore.base.parallel.BaseClassForParallelTesting">
    <ignored/>
  </testcase> <!-- @BeforeSuite beforeSuite -->
  <testcase name="@BeforeSuite beforeSuite" time="0.0" classname="com.mystore.base.parallel.BaseClassForParallelTesting">
    <ignored/>
  </testcase> <!-- @BeforeSuite beforeSuite -->
  <testcase name="verifyTotalPrice" time="0.0" classname="com.mystore.testcases.parallel.OrderPageTest">
    <ignored/>
  </testcase> <!-- verifyTotalPrice -->
  <testcase name="endToEnd" time="0.0" classname="com.mystore.testcases.parallel.EndToEndTest">
    <ignored/>
  </testcase> <!-- endToEnd -->
  <testcase name="@BeforeTest loadConfig" time="0.0" classname="com.mystore.base.parallel.BaseClassForParallelTesting">
    <ignored/>
  </testcase> <!-- @BeforeTest loadConfig -->
  <testcase name="@BeforeTest loadConfig" time="0.0" classname="com.mystore.base.parallel.BaseClassForParallelTesting">
    <ignored/>
  </testcase> <!-- @BeforeTest loadConfig -->
  <testcase name="@BeforeTest loadConfig" time="0.0" classname="com.mystore.base.parallel.BaseClassForParallelTesting">
    <ignored/>
  </testcase> <!-- @BeforeTest loadConfig -->
  <testcase name="@BeforeTest loadConfig" time="0.0" classname="com.mystore.base.parallel.BaseClassForParallelTesting">
    <ignored/>
  </testcase> <!-- @BeforeTest loadConfig -->
  <testcase name="@BeforeTest loadConfig" time="0.0" classname="com.mystore.base.parallel.BaseClassForParallelTesting">
    <ignored/>
  </testcase> <!-- @BeforeTest loadConfig -->
  <testcase name="@BeforeTest loadConfig" time="0.0" classname="com.mystore.base.parallel.BaseClassForParallelTesting">
    <ignored/>
  </testcase> <!-- @BeforeTest loadConfig -->
  <testcase name="@BeforeTest loadConfig" time="0.0" classname="com.mystore.base.parallel.BaseClassForParallelTesting">
    <ignored/>
  </testcase> <!-- @BeforeTest loadConfig -->
  <testcase name="VerifyCreatAccountPageTest" time="0.0" classname="com.mystore.testcases.parallel.AccountCreationPageTest">
    <ignored/>
  </testcase> <!-- VerifyCreatAccountPageTest -->
  <testcase name="loginTest" time="0.0" classname="com.mystore.testcases.parallel.LoginPageTest">
    <ignored/>
  </testcase> <!-- loginTest -->
</testsuite> <!-- Test -->
