<?xml version="1.0" encoding="UTF-8"?>
<testng-results skipped="0" failed="1" ignored="14" total="26" passed="11">
  <reporter-output>
  </reporter-output>
  <suite name="Suite" duration-ms="255106" started-at="2020-07-20T09:35:06Z" finished-at="2020-07-20T09:39:21Z">
    <groups>
      <group name="Sanity">
        <method signature="AccountCreationPageTest.VerifyCreatAccountPageTest()[pri:0, instance:com.mystore.testcases.parallel.AccountCreationPageTest@1bce4f0a]" name="VerifyCreatAccountPageTest" class="com.mystore.testcases.parallel.AccountCreationPageTest"/>
        <method signature="AddToCartPageTest.addToCartTest()[pri:0, instance:com.mystore.testcases.parallel.AddToCartPageTest@6a4f787b]" name="addToCartTest" class="com.mystore.testcases.parallel.AddToCartPageTest"/>
        <method signature="LoginPageTest.loginTestFromExcelData(java.lang.String, java.lang.String)[pri:0, instance:com.mystore.testcases.parallel.LoginPageTest@42d80b78]" name="loginTestFromExcelData" class="com.mystore.testcases.parallel.LoginPageTest"/>
      </group> <!-- Sanity -->
      <group name="Regression">
        <method signature="AddToCartPageTest.addToCartTest()[pri:0, instance:com.mystore.testcases.parallel.AddToCartPageTest@6a4f787b]" name="addToCartTest" class="com.mystore.testcases.parallel.AddToCartPageTest"/>
        <method signature="EndToEndTest.endToEnd()[pri:0, instance:com.mystore.testcases.parallel.EndToEndTest@91161c7]" name="endToEnd" class="com.mystore.testcases.parallel.EndToEndTest"/>
        <method signature="OrderPageTest.verifyTotalPrice()[pri:0, instance:com.mystore.testcases.parallel.OrderPageTest@604ed9f0]" name="verifyTotalPrice" class="com.mystore.testcases.parallel.OrderPageTest"/>
      </group> <!-- Regression -->
      <group name="Smoke">
        <method signature="HomePageTest.orderHistoryTest()[pri:0, instance:com.mystore.testcases.parallel.HomePageTest@3bfdc050]" name="orderHistoryTest" class="com.mystore.testcases.parallel.HomePageTest"/>
        <method signature="HomePageTest.wishListTest()[pri:0, instance:com.mystore.testcases.parallel.HomePageTest@3bfdc050]" name="wishListTest" class="com.mystore.testcases.parallel.HomePageTest"/>
        <method signature="IndexPageTest.verifyLogo()[pri:0, instance:com.mystore.testcases.parallel.IndexPageTest@5c3bd550]" name="verifyLogo" class="com.mystore.testcases.parallel.IndexPageTest"/>
        <method signature="IndexPageTest.verifyTitle()[pri:0, instance:com.mystore.testcases.parallel.IndexPageTest@5c3bd550]" name="verifyTitle" class="com.mystore.testcases.parallel.IndexPageTest"/>
        <method signature="LoginPageTest.loginTestFromExcelData(java.lang.String, java.lang.String)[pri:0, instance:com.mystore.testcases.parallel.LoginPageTest@42d80b78]" name="loginTestFromExcelData" class="com.mystore.testcases.parallel.LoginPageTest"/>
        <method signature="SearchResultPageTest.productAvailabiltyTest()[pri:0, instance:com.mystore.testcases.parallel.SearchResultPageTest@5e3a8624]" name="productAvailabiltyTest" class="com.mystore.testcases.parallel.SearchResultPageTest"/>
      </group> <!-- Smoke -->
    </groups>
    <test name="Test_All" duration-ms="255106" started-at="2020-07-20T09:35:06Z" finished-at="2020-07-20T09:39:21Z">
      <class name="com.mystore.testcases.parallel.AccountCreationPageTest">
        <test-method status="PASS" signature="setUp(java.lang.String)[pri:0, instance:com.mystore.testcases.parallel.AccountCreationPageTest@1bce4f0a]" name="setUp" is-config="true" duration-ms="13987" started-at="2020-07-20T15:06:45Z" finished-at="2020-07-20T15:06:59Z">
          <params>
            <param index="0">
              <value>
                <![CDATA[Firefox]]>
              </value>
            </param>
          </params>
          <reporter-output>
          </reporter-output>
        </test-method> <!-- setUp -->
        <test-method status="PASS" signature="VerifyCreatAccountPageTest()[pri:0, instance:com.mystore.testcases.parallel.AccountCreationPageTest@1bce4f0a]" name="VerifyCreatAccountPageTest" duration-ms="6118" started-at="2020-07-20T15:06:59Z" finished-at="2020-07-20T15:07:05Z">
          <reporter-output>
          </reporter-output>
        </test-method> <!-- VerifyCreatAccountPageTest -->
        <test-method status="PASS" signature="tearDown()[pri:0, instance:com.mystore.testcases.parallel.AccountCreationPageTest@1bce4f0a]" name="tearDown" is-config="true" duration-ms="854" started-at="2020-07-20T15:07:05Z" finished-at="2020-07-20T15:07:06Z">
          <reporter-output>
          </reporter-output>
        </test-method> <!-- tearDown -->
      </class> <!-- com.mystore.testcases.parallel.AccountCreationPageTest -->
      <class name="com.mystore.testcases.parallel.LoginPageTest">
        <test-method status="PASS" signature="loadConfig()[pri:0, instance:com.mystore.testcases.parallel.LoginPageTest@42d80b78]" name="loadConfig" is-config="true" duration-ms="180" started-at="2020-07-20T15:05:06Z" finished-at="2020-07-20T15:05:06Z">
          <reporter-output>
          </reporter-output>
        </test-method> <!-- loadConfig -->
        <test-method status="PASS" signature="setUp(java.lang.String)[pri:0, instance:com.mystore.testcases.parallel.LoginPageTest@42d80b78]" name="setUp" is-config="true" duration-ms="15715" started-at="2020-07-20T15:05:06Z" finished-at="2020-07-20T15:05:22Z">
          <params>
            <param index="0">
              <value>
                <![CDATA[Firefox]]>
              </value>
            </param>
          </params>
          <reporter-output>
          </reporter-output>
        </test-method> <!-- setUp -->
        <test-method status="PASS" signature="loginTest()[pri:0, instance:com.mystore.testcases.parallel.LoginPageTest@42d80b78]" name="loginTest" duration-ms="5606" started-at="2020-07-20T15:05:22Z" finished-at="2020-07-20T15:05:27Z">
          <reporter-output>
          </reporter-output>
        </test-method> <!-- loginTest -->
        <test-method status="PASS" signature="tearDown()[pri:0, instance:com.mystore.testcases.parallel.LoginPageTest@42d80b78]" name="tearDown" is-config="true" duration-ms="829" started-at="2020-07-20T15:05:27Z" finished-at="2020-07-20T15:05:28Z">
          <reporter-output>
          </reporter-output>
        </test-method> <!-- tearDown -->
        <test-method status="PASS" signature="setUp(java.lang.String)[pri:0, instance:com.mystore.testcases.parallel.LoginPageTest@42d80b78]" name="setUp" is-config="true" duration-ms="14461" started-at="2020-07-20T15:05:28Z" finished-at="2020-07-20T15:05:43Z">
          <params>
            <param index="0">
              <value>
                <![CDATA[Firefox]]>
              </value>
            </param>
          </params>
          <reporter-output>
          </reporter-output>
        </test-method> <!-- setUp -->
        <test-method status="PASS" signature="loginTestFromExcelData(java.lang.String, java.lang.String)[pri:0, instance:com.mystore.testcases.parallel.LoginPageTest@42d80b78]" name="loginTestFromExcelData" duration-ms="5280" started-at="2020-07-20T15:05:43Z" data-provider="data" finished-at="2020-07-20T15:05:48Z">
          <params>
            <param index="0">
              <value>
                <![CDATA[bit20@gmail.com]]>
              </value>
            </param>
            <param index="1">
              <value>
                <![CDATA[bit2020]]>
              </value>
            </param>
          </params>
          <reporter-output>
          </reporter-output>
        </test-method> <!-- loginTestFromExcelData -->
        <test-method status="PASS" signature="tearDown()[pri:0, instance:com.mystore.testcases.parallel.LoginPageTest@42d80b78]" name="tearDown" is-config="true" duration-ms="718" started-at="2020-07-20T15:05:48Z" finished-at="2020-07-20T15:05:49Z">
          <reporter-output>
          </reporter-output>
        </test-method> <!-- tearDown -->
        <test-method status="PASS" signature="setUp(java.lang.String)[pri:0, instance:com.mystore.testcases.parallel.LoginPageTest@42d80b78]" name="setUp" is-config="true" duration-ms="14601" started-at="2020-07-20T15:05:49Z" finished-at="2020-07-20T15:06:04Z">
          <params>
            <param index="0">
              <value>
                <![CDATA[Firefox]]>
              </value>
            </param>
          </params>
          <reporter-output>
          </reporter-output>
        </test-method> <!-- setUp -->
        <test-method status="FAIL" signature="loginTestFromExcelData(java.lang.String, java.lang.String)[pri:0, instance:com.mystore.testcases.parallel.LoginPageTest@42d80b78]" name="loginTestFromExcelData" duration-ms="4723" started-at="2020-07-20T15:06:04Z" data-provider="data" finished-at="2020-07-20T15:06:08Z">
          <params>
            <param index="0">
              <value>
                <![CDATA[bitstreet@gmail.com]]>
              </value>
            </param>
            <param index="1">
              <value>
                <![CDATA[test@123]]>
              </value>
            </param>
          </params>
          <exception class="java.lang.AssertionError">
            <message>
              <![CDATA[expected [http://automationpractice.com/index.php?controller=my-account] but found [http://automationpractice.com/index.php?controller=authentication]]]>
            </message>
            <full-stacktrace>
              <![CDATA[java.lang.AssertionError: expected [http://automationpractice.com/index.php?controller=my-account] but found [http://automationpractice.com/index.php?controller=authentication]
	at org.testng.Assert.fail(Assert.java:93)
	at org.testng.Assert.failNotEquals(Assert.java:512)
	at org.testng.Assert.assertEqualsImpl(Assert.java:134)
	at org.testng.Assert.assertEquals(Assert.java:115)
	at org.testng.Assert.assertEquals(Assert.java:189)
	at org.testng.Assert.assertEquals(Assert.java:199)
	at com.mystore.testcases.parallel.LoginPageTest.loginTestFromExcelData(LoginPageTest.java:64)
	at sun.reflect.NativeMethodAccessorImpl.invoke0(Native Method)
	at sun.reflect.NativeMethodAccessorImpl.invoke(Unknown Source)
	at sun.reflect.DelegatingMethodAccessorImpl.invoke(Unknown Source)
	at java.lang.reflect.Method.invoke(Unknown Source)
	at org.testng.internal.MethodInvocationHelper.invokeMethod(MethodInvocationHelper.java:108)
	at org.testng.internal.Invoker.invokeMethod(Invoker.java:661)
	at org.testng.internal.Invoker.invokeTestMethod(Invoker.java:869)
	at org.testng.internal.Invoker.invokeTestMethods(Invoker.java:1193)
	at org.testng.internal.TestMethodWorker.invokeTestMethods(TestMethodWorker.java:126)
	at org.testng.internal.TestMethodWorker.run(TestMethodWorker.java:109)
	at org.testng.TestRunner.privateRun(TestRunner.java:744)
	at org.testng.TestRunner.run(TestRunner.java:602)
	at org.testng.SuiteRunner.runTest(SuiteRunner.java:380)
	at org.testng.SuiteRunner.runSequentially(SuiteRunner.java:375)
	at org.testng.SuiteRunner.privateRun(SuiteRunner.java:340)
	at org.testng.SuiteRunner.run(SuiteRunner.java:289)
	at org.testng.SuiteRunnerWorker.runSuite(SuiteRunnerWorker.java:52)
	at org.testng.SuiteRunnerWorker.run(SuiteRunnerWorker.java:86)
	at org.testng.TestNG.runSuitesSequentially(TestNG.java:1301)
	at org.testng.TestNG.runSuitesLocally(TestNG.java:1226)
	at org.testng.TestNG.runSuites(TestNG.java:1144)
	at org.testng.TestNG.run(TestNG.java:1115)
	at org.testng.remote.AbstractRemoteTestNG.run(AbstractRemoteTestNG.java:126)
	at org.testng.remote.RemoteTestNG.initAndRun(RemoteTestNG.java:152)
	at org.testng.remote.RemoteTestNG.main(RemoteTestNG.java:57)
]]>
            </full-stacktrace>
          </exception> <!-- java.lang.AssertionError -->
          <reporter-output>
          </reporter-output>
        </test-method> <!-- loginTestFromExcelData -->
        <test-method status="PASS" signature="tearDown()[pri:0, instance:com.mystore.testcases.parallel.LoginPageTest@42d80b78]" name="tearDown" is-config="true" duration-ms="741" started-at="2020-07-20T15:06:09Z" finished-at="2020-07-20T15:06:09Z">
          <reporter-output>
          </reporter-output>
        </test-method> <!-- tearDown -->
        <test-method status="PASS" signature="afterSuite()[pri:0, instance:com.mystore.testcases.parallel.LoginPageTest@42d80b78]" name="afterSuite" is-config="true" duration-ms="676" started-at="2020-07-20T15:09:21Z" finished-at="2020-07-20T15:09:22Z">
          <reporter-output>
          </reporter-output>
        </test-method> <!-- afterSuite -->
      </class> <!-- com.mystore.testcases.parallel.LoginPageTest -->
      <class name="com.mystore.testcases.parallel.AddToCartPageTest">
        <test-method status="PASS" signature="setUp(java.lang.String)[pri:0, instance:com.mystore.testcases.parallel.AddToCartPageTest@6a4f787b]" name="setUp" is-config="true" duration-ms="14421" started-at="2020-07-20T15:08:57Z" finished-at="2020-07-20T15:09:12Z">
          <params>
            <param index="0">
              <value>
                <![CDATA[Firefox]]>
              </value>
            </param>
          </params>
          <reporter-output>
          </reporter-output>
        </test-method> <!-- setUp -->
        <test-method status="PASS" signature="addToCartTest()[pri:0, instance:com.mystore.testcases.parallel.AddToCartPageTest@6a4f787b]" name="addToCartTest" duration-ms="8046" started-at="2020-07-20T15:09:12Z" finished-at="2020-07-20T15:09:20Z">
          <reporter-output>
          </reporter-output>
        </test-method> <!-- addToCartTest -->
        <test-method status="PASS" signature="tearDown()[pri:0, instance:com.mystore.testcases.parallel.AddToCartPageTest@6a4f787b]" name="tearDown" is-config="true" duration-ms="1191" started-at="2020-07-20T15:09:20Z" finished-at="2020-07-20T15:09:21Z">
          <reporter-output>
          </reporter-output>
        </test-method> <!-- tearDown -->
      </class> <!-- com.mystore.testcases.parallel.AddToCartPageTest -->
      <class name="com.mystore.testcases.parallel.EndToEndTest">
        <test-method status="PASS" signature="setUp(java.lang.String)[pri:0, instance:com.mystore.testcases.parallel.EndToEndTest@91161c7]" name="setUp" is-config="true" duration-ms="14427" started-at="2020-07-20T15:07:50Z" finished-at="2020-07-20T15:08:05Z">
          <params>
            <param index="0">
              <value>
                <![CDATA[Firefox]]>
              </value>
            </param>
          </params>
          <reporter-output>
          </reporter-output>
        </test-method> <!-- setUp -->
        <test-method status="PASS" signature="endToEnd()[pri:0, instance:com.mystore.testcases.parallel.EndToEndTest@91161c7]" name="endToEnd" duration-ms="25792" started-at="2020-07-20T15:08:05Z" finished-at="2020-07-20T15:08:31Z">
          <reporter-output>
          </reporter-output>
        </test-method> <!-- endToEnd -->
        <test-method status="PASS" signature="tearDown()[pri:0, instance:com.mystore.testcases.parallel.EndToEndTest@91161c7]" name="tearDown" is-config="true" duration-ms="1263" started-at="2020-07-20T15:08:31Z" finished-at="2020-07-20T15:08:32Z">
          <reporter-output>
          </reporter-output>
        </test-method> <!-- tearDown -->
      </class> <!-- com.mystore.testcases.parallel.EndToEndTest -->
      <class name="com.mystore.testcases.parallel.HomePageTest">
        <test-method status="PASS" signature="setUp(java.lang.String)[pri:0, instance:com.mystore.testcases.parallel.HomePageTest@3bfdc050]" name="setUp" is-config="true" duration-ms="11026" started-at="2020-07-20T15:06:09Z" finished-at="2020-07-20T15:06:20Z">
          <params>
            <param index="0">
              <value>
                <![CDATA[Firefox]]>
              </value>
            </param>
          </params>
          <reporter-output>
          </reporter-output>
        </test-method> <!-- setUp -->
        <test-method status="PASS" signature="orderHistoryTest()[pri:0, instance:com.mystore.testcases.parallel.HomePageTest@3bfdc050]" name="orderHistoryTest" duration-ms="5039" started-at="2020-07-20T15:06:20Z" finished-at="2020-07-20T15:06:25Z">
          <reporter-output>
          </reporter-output>
        </test-method> <!-- orderHistoryTest -->
        <test-method status="PASS" signature="tearDown()[pri:0, instance:com.mystore.testcases.parallel.HomePageTest@3bfdc050]" name="tearDown" is-config="true" duration-ms="832" started-at="2020-07-20T15:06:25Z" finished-at="2020-07-20T15:06:26Z">
          <reporter-output>
          </reporter-output>
        </test-method> <!-- tearDown -->
        <test-method status="PASS" signature="setUp(java.lang.String)[pri:0, instance:com.mystore.testcases.parallel.HomePageTest@3bfdc050]" name="setUp" is-config="true" duration-ms="12839" started-at="2020-07-20T15:06:26Z" finished-at="2020-07-20T15:06:39Z">
          <params>
            <param index="0">
              <value>
                <![CDATA[Firefox]]>
              </value>
            </param>
          </params>
          <reporter-output>
          </reporter-output>
        </test-method> <!-- setUp -->
        <test-method status="PASS" signature="wishListTest()[pri:0, instance:com.mystore.testcases.parallel.HomePageTest@3bfdc050]" name="wishListTest" duration-ms="4796" started-at="2020-07-20T15:06:39Z" finished-at="2020-07-20T15:06:44Z">
          <reporter-output>
          </reporter-output>
        </test-method> <!-- wishListTest -->
        <test-method status="PASS" signature="tearDown()[pri:0, instance:com.mystore.testcases.parallel.HomePageTest@3bfdc050]" name="tearDown" is-config="true" duration-ms="898" started-at="2020-07-20T15:06:44Z" finished-at="2020-07-20T15:06:45Z">
          <reporter-output>
          </reporter-output>
        </test-method> <!-- tearDown -->
      </class> <!-- com.mystore.testcases.parallel.HomePageTest -->
      <class name="com.mystore.testcases.parallel.OrderPageTest">
        <test-method status="PASS" signature="setUp(java.lang.String)[pri:0, instance:com.mystore.testcases.parallel.OrderPageTest@604ed9f0]" name="setUp" is-config="true" duration-ms="13883" started-at="2020-07-20T15:08:32Z" finished-at="2020-07-20T15:08:46Z">
          <params>
            <param index="0">
              <value>
                <![CDATA[Firefox]]>
              </value>
            </param>
          </params>
          <reporter-output>
          </reporter-output>
        </test-method> <!-- setUp -->
        <test-method status="PASS" signature="verifyTotalPrice()[pri:0, instance:com.mystore.testcases.parallel.OrderPageTest@604ed9f0]" name="verifyTotalPrice" duration-ms="9951" started-at="2020-07-20T15:08:46Z" finished-at="2020-07-20T15:08:56Z">
          <reporter-output>
          </reporter-output>
        </test-method> <!-- verifyTotalPrice -->
        <test-method status="PASS" signature="tearDown()[pri:0, instance:com.mystore.testcases.parallel.OrderPageTest@604ed9f0]" name="tearDown" is-config="true" duration-ms="1529" started-at="2020-07-20T15:08:56Z" finished-at="2020-07-20T15:08:57Z">
          <reporter-output>
          </reporter-output>
        </test-method> <!-- tearDown -->
      </class> <!-- com.mystore.testcases.parallel.OrderPageTest -->
      <class name="com.mystore.testcases.parallel.SearchResultPageTest">
        <test-method status="PASS" signature="setUp(java.lang.String)[pri:0, instance:com.mystore.testcases.parallel.SearchResultPageTest@5e3a8624]" name="setUp" is-config="true" duration-ms="12912" started-at="2020-07-20T15:07:06Z" finished-at="2020-07-20T15:07:19Z">
          <params>
            <param index="0">
              <value>
                <![CDATA[Firefox]]>
              </value>
            </param>
          </params>
          <reporter-output>
          </reporter-output>
        </test-method> <!-- setUp -->
        <test-method status="PASS" signature="productAvailabiltyTest()[pri:0, instance:com.mystore.testcases.parallel.SearchResultPageTest@5e3a8624]" name="productAvailabiltyTest" duration-ms="2136" started-at="2020-07-20T15:07:19Z" finished-at="2020-07-20T15:07:21Z">
          <reporter-output>
          </reporter-output>
        </test-method> <!-- productAvailabiltyTest -->
        <test-method status="PASS" signature="tearDown()[pri:0, instance:com.mystore.testcases.parallel.SearchResultPageTest@5e3a8624]" name="tearDown" is-config="true" duration-ms="1393" started-at="2020-07-20T15:07:21Z" finished-at="2020-07-20T15:07:22Z">
          <reporter-output>
          </reporter-output>
        </test-method> <!-- tearDown -->
      </class> <!-- com.mystore.testcases.parallel.SearchResultPageTest -->
      <class name="com.mystore.testcases.parallel.IndexPageTest">
        <test-method status="PASS" signature="setUp(java.lang.String)[pri:0, instance:com.mystore.testcases.parallel.IndexPageTest@5c3bd550]" name="setUp" is-config="true" duration-ms="11843" started-at="2020-07-20T15:07:22Z" finished-at="2020-07-20T15:07:34Z">
          <params>
            <param index="0">
              <value>
                <![CDATA[Firefox]]>
              </value>
            </param>
          </params>
          <reporter-output>
          </reporter-output>
        </test-method> <!-- setUp -->
        <test-method status="PASS" signature="verifyLogo()[pri:0, instance:com.mystore.testcases.parallel.IndexPageTest@5c3bd550]" name="verifyLogo" duration-ms="122" started-at="2020-07-20T15:07:34Z" finished-at="2020-07-20T15:07:34Z">
          <reporter-output>
          </reporter-output>
        </test-method> <!-- verifyLogo -->
        <test-method status="PASS" signature="tearDown()[pri:0, instance:com.mystore.testcases.parallel.IndexPageTest@5c3bd550]" name="tearDown" is-config="true" duration-ms="1548" started-at="2020-07-20T15:07:34Z" finished-at="2020-07-20T15:07:36Z">
          <reporter-output>
          </reporter-output>
        </test-method> <!-- tearDown -->
        <test-method status="PASS" signature="setUp(java.lang.String)[pri:0, instance:com.mystore.testcases.parallel.IndexPageTest@5c3bd550]" name="setUp" is-config="true" duration-ms="13383" started-at="2020-07-20T15:07:36Z" finished-at="2020-07-20T15:07:49Z">
          <params>
            <param index="0">
              <value>
                <![CDATA[Firefox]]>
              </value>
            </param>
          </params>
          <reporter-output>
          </reporter-output>
        </test-method> <!-- setUp -->
        <test-method status="PASS" signature="verifyTitle()[pri:0, instance:com.mystore.testcases.parallel.IndexPageTest@5c3bd550]" name="verifyTitle" duration-ms="4" started-at="2020-07-20T15:07:49Z" finished-at="2020-07-20T15:07:49Z">
          <reporter-output>
          </reporter-output>
        </test-method> <!-- verifyTitle -->
        <test-method status="PASS" signature="tearDown()[pri:0, instance:com.mystore.testcases.parallel.IndexPageTest@5c3bd550]" name="tearDown" is-config="true" duration-ms="1445" started-at="2020-07-20T15:07:49Z" finished-at="2020-07-20T15:07:50Z">
          <reporter-output>
          </reporter-output>
        </test-method> <!-- tearDown -->
      </class> <!-- com.mystore.testcases.parallel.IndexPageTest -->
    </test> <!-- Test_All -->
  </suite> <!-- Suite -->
</testng-results>
